<?xml version="1.0" encoding="UTF-8"?>
<!-- Generated by org.testng.reporters.JUnitReportReporter -->
<testsuite hostname="Dirash10" failures="0" tests="1" name="DirashLearning.SeliniuimFrameworkTest.ErrorValidations" time="5.762" errors="0" timestamp="2024-08-23T23:49:58 IST" skipped="0">
  <testcase classname="DirashLearning.SeliniuimFrameworkTest.ErrorValidations" name="Errorvalidation" time="5.762"/>
  <system-out/>
</testsuite> <!-- DirashLearning.SeliniuimFrameworkTest.ErrorValidations -->
