<?xml version="1.0" encoding="UTF-8"?>
<!-- Generated by org.testng.reporters.JUnitReportReporter -->
<testsuite hostname="Dirash10" failures="0" tests="1" name="Cucumber.TestNgRunner" time="5.591" errors="0" timestamp="2024-08-24T23:28:46 IST" skipped="0">
  <testcase classname="Cucumber.TestNgRunner" name="runScenario" time="5.591"/>
  <system-out/>
</testsuite> <!-- Cucumber.TestNgRunner -->
